#
# A fatal error has been detected by the Java Runtime Environment:
#
#  EXCEPTION_ACCESS_VIOLATION (0xc0000005) at pc=0x00007ffcf1e5fb3f, pid=12760, tid=18136
#
# JRE version:  (11.0.2+9) (build )
# Java VM: Java HotSpot(TM) 64-Bit Server VM (11.0.2+9-LTS, mixed mode, tiered, compressed oops, g1 gc, windows-amd64)
# Problematic frame:
# C  [windows.storage.dll+0x10fb3f]
#
# No core dump will be written. Minidumps are not enabled by default on client versions of Windows
#
# If you would like to submit a bug report, please visit:
#   http://bugreport.java.com/bugreport/crash.jsp
# The crash happened outside the Java Virtual Machine in native code.
# See problematic frame for where to report the bug.
#

---------------  S U M M A R Y ------------

Command Line: -Dfile.encoding=UTF-8 --module-path=C:\Users\User\Documents\NetBeansProjects\CadastroInicial\build\classes cadastroinicial.CadastroInicial

Host: Intel(R) Core(TM) i5-3340M CPU @ 2.70GHz, 4 cores, 7G,  Windows 10 , 64 bit Build 19041 (10.0.19041.2788)
Time: Wed May 10 16:36:38 2023 Hora oficial do Brasil elapsed time: 0 seconds (0d 0h 0m 0s)

---------------  T H R E A D  ---------------

Current thread (0x000001cf32c00800):  JavaThread "main" [_thread_in_native, id=18136, stack(0x00000051fbd00000,0x00000051fbe00000)]

Stack: [0x00000051fbd00000,0x00000051fbe00000],  sp=0x00000051fbdfb310,  free space=1004k
Native frames: (J=compiled Java code, j=interpreted, Vv=VM code, C=native code)
C  [windows.storage.dll+0x10fb3f]

Java frames: (J=compiled Java code, j=interpreted, Vv=VM code)
j  java.lang.System.initProperties(Ljava/util/Properties;)Ljava/util/Properties;+0 java.base
j  java.lang.System.initPhase1()V+15 java.base
v  ~StubRoutines::call_stub

siginfo: EXCEPTION_ACCESS_VIOLATION (0xc0000005), reading address 0x0000000000000000


Register to memory mapping:

RIP=0x00007ffcf1e5fb3f windows.storage.dll
RAX=0x0 is NULL
RBX=0x000001cf51669870 points into unknown readable memory: 70 98 66 51 cf 01 00 00
RCX=0x00007ffcf49ae8c8 KERNELBASE.dll
RDX=0x0 is NULL
RSP=0x00000051fbdfb310 is pointing into the stack for thread: 0x000001cf32c00800
RBP=0x00000051fbdfb410 is pointing into the stack for thread: 0x000001cf32c00800
RSI=0x00000051fbdfc030 is pointing into the stack for thread: 0x000001cf32c00800
RDI=0x000001cf51682bf8 points into unknown readable memory: ff ff ff ff ff ff ff ff
R8 =0x00000051fbdfb048 is pointing into the stack for thread: 0x000001cf32c00800
R9 =0x00000051fbdfb410 is pointing into the stack for thread: 0x000001cf32c00800
R10=0x0 is NULL
R11=0x00000051fbdfb2a0 is pointing into the stack for thread: 0x000001cf32c00800
R12=0x000001cf51669870 points into unknown readable memory: 70 98 66 51 cf 01 00 00
R13=0x00000051fbdfbf17 is pointing into the stack for thread: 0x000001cf32c00800
R14=0x00000051fbdfc030 is pointing into the stack for thread: 0x000001cf32c00800
R15=0x000001cf51669870 points into unknown readable memory: 70 98 66 51 cf 01 00 00


Registers:
RAX=0x0000000000000000, RBX=0x000001cf51669870, RCX=0x00007ffcf49ae8c8, RDX=0x0000000000000000
RSP=0x00000051fbdfb310, RBP=0x00000051fbdfb410, RSI=0x00000051fbdfc030, RDI=0x000001cf51682bf8
R8 =0x00000051fbdfb048, R9 =0x00000051fbdfb410, R10=0x0000000000000000, R11=0x00000051fbdfb2a0
R12=0x000001cf51669870, R13=0x00000051fbdfbf17, R14=0x00000051fbdfc030, R15=0x000001cf51669870
RIP=0x00007ffcf1e5fb3f, EFLAGS=0x0000000000010202

Top of Stack: (sp=0x00000051fbdfb310)
0x00000051fbdfb310:   0000005100000000 00000051fbdfc060
0x00000051fbdfb320:   00000051fbdfb388 0000000000000000
0x00000051fbdfb330:   00000051fbdfb358 00007ffcf1e5fb3a
0x00000051fbdfb340:   00000051fbdfb368 00000051fbdfb800
0x00000051fbdfb350:   00000051fbdfb730 0000000000000330
0x00000051fbdfb360:   0000000000000000 00007ffc00000009
0x00000051fbdfb370:   00000051fbdfbd50 00000051fbdfc030
0x00000051fbdfb380:   000001cf32cd9f01 000000000000032c
0x00000051fbdfb390:   0000000000000000 00007ffcf6c06ebb
0x00000051fbdfb3a0:   00000051fbdfbd80 00000051fbdfc060
0x00000051fbdfb3b0:   0000000000000000 00000051fbdfb848
0x00000051fbdfb3c0:   00007ffcf47849e0 0000000000000000
0x00000051fbdfb3d0:   00007ffcf244eec0 00007ffcf6c06dad
0x00000051fbdfb3e0:   00000051fbdfb590 000001cf32cd9f00
0x00000051fbdfb3f0:   000001cf32cd9f00 00000051fbdfb730
0x00000051fbdfb400:   000001cf32cd9f00 000001cf32cd9f00 

Instructions: (pc=0x00007ffcf1e5fb3f)
0x00007ffcf1e5fb1f:   00 02 00 45 33 c0 48 8d 15 04 8f 51 00 48 c7 c1
0x00007ffcf1e5fb2f:   02 00 00 80 48 ff 15 de bc 4f 00 0f 1f 44 00 00
0x00007ffcf1e5fb3f:   8b 34 00 00 01 01 14 eb 00 00 00 00 00 01 00 00
0x00007ffcf1e5fb4f:   00 00 00 00 00 00 00 00 48 8d 55 30 48 8b ce 48 


Stack slot to memory mapping:
stack at sp + 0 slots: 0x0000005100000000 is an unknown value
stack at sp + 1 slots: 0x00000051fbdfc060 is pointing into the stack for thread: 0x000001cf32c00800
stack at sp + 2 slots: 0x00000051fbdfb388 is pointing into the stack for thread: 0x000001cf32c00800
stack at sp + 3 slots: 0x0 is NULL
stack at sp + 4 slots: 0x00000051fbdfb358 is pointing into the stack for thread: 0x000001cf32c00800
stack at sp + 5 slots: 0x00007ffcf1e5fb3a windows.storage.dll
stack at sp + 6 slots: 0x00000051fbdfb368 is pointing into the stack for thread: 0x000001cf32c00800
stack at sp + 7 slots: 0x00000051fbdfb800 is pointing into the stack for thread: 0x000001cf32c00800


---------------  P R O C E S S  ---------------

Threads class SMR info:
_java_thread_list=0x000001cf516aa7c0, length=3, elements={
0x000001cf32c00800, 0x000001cf516ac800, 0x000001cf516b5800
}

Java Threads: ( => current thread )
=>0x000001cf32c00800 JavaThread "main" [_thread_in_native, id=18136, stack(0x00000051fbd00000,0x00000051fbe00000)]
  0x000001cf516ac800 JavaThread "Reference Handler" daemon [_thread_blocked, id=17820, stack(0x00000051fc400000,0x00000051fc500000)]
  0x000001cf516b5800 JavaThread "Finalizer" daemon [_thread_blocked, id=2888, stack(0x00000051fc500000,0x00000051fc600000)]

Other Threads:
  0x000001cf51686000 VMThread "VM Thread" [stack: 0x00000051fc300000,0x00000051fc400000] [id=1116]
  0x000001cf32c17800 GCTaskThread "GC Thread#0" [stack: 0x00000051fbe00000,0x00000051fbf00000] [id=10560]
  0x000001cf32c48800 ConcurrentGCThread "G1 Main Marker" [stack: 0x00000051fbf00000,0x00000051fc000000] [id=620]
  0x000001cf32c4b000 ConcurrentGCThread "G1 Conc#0" [stack: 0x00000051fc000000,0x00000051fc100000] [id=10968]
  0x000001cf32cdb000 ConcurrentGCThread "G1 Refine#0" [stack: 0x00000051fc100000,0x00000051fc200000] [id=16996]
  0x000001cf32cdc000 ConcurrentGCThread "G1 Young RemSet Sampling" [stack: 0x00000051fc200000,0x00000051fc300000] [id=10120]

Threads with active compile tasks:

VM state:not at safepoint (normal execution)

VM Mutex/Monitor currently owned by a thread: None

Heap address: 0x0000000081800000, size: 2024 MB, Compressed Oops mode: 32-bit
Narrow klass base: 0x0000000000000000, Narrow klass shift: 3
Compressed class space size: 1073741824 Address: 0x0000000100000000

Heap:
 garbage-first heap   total 131072K, used 0K [0x0000000081800000, 0x0000000100000000)
  region size 1024K, 1 young (1024K), 0 survivors (0K)
 Metaspace       used 1489K, capacity 4480K, committed 4480K, reserved 1056768K
  class space    used 119K, capacity 384K, committed 384K, reserved 1048576K
Heap Regions: E=young(eden), S=young(survivor), O=old, HS=humongous(starts), HC=humongous(continues), CS=collection set, F=free, A=archive, TAMS=top-at-mark-start (previous, next)
|   0|0x0000000081800000, 0x0000000081800000, 0x0000000081900000|  0%| F|  |TAMS 0x0000000081800000, 0x0000000081800000| Untracked 
|   1|0x0000000081900000, 0x0000000081900000, 0x0000000081a00000|  0%| F|  |TAMS 0x0000000081900000, 0x0000000081900000| Untracked 
|   2|0x0000000081a00000, 0x0000000081a00000, 0x0000000081b00000|  0%| F|  |TAMS 0x0000000081a00000, 0x0000000081a00000| Untracked 
|   3|0x0000000081b00000, 0x0000000081b00000, 0x0000000081c00000|  0%| F|  |TAMS 0x0000000081b00000, 0x0000000081b00000| Untracked 
|   4|0x0000000081c00000, 0x0000000081c00000, 0x0000000081d00000|  0%| F|  |TAMS 0x0000000081c00000, 0x0000000081c00000| Untracked 
|   5|0x0000000081d00000, 0x0000000081d00000, 0x0000000081e00000|  0%| F|  |TAMS 0x0000000081d00000, 0x0000000081d00000| Untracked 
|   6|0x0000000081e00000, 0x0000000081e00000, 0x0000000081f00000|  0%| F|  |TAMS 0x0000000081e00000, 0x0000000081e00000| Untracked 
|   7|0x0000000081f00000, 0x0000000081f00000, 0x0000000082000000|  0%| F|  |TAMS 0x0000000081f00000, 0x0000000081f00000| Untracked 
|   8|0x0000000082000000, 0x0000000082000000, 0x0000000082100000|  0%| F|  |TAMS 0x0000000082000000, 0x0000000082000000| Untracked 
|   9|0x0000000082100000, 0x0000000082100000, 0x0000000082200000|  0%| F|  |TAMS 0x0000000082100000, 0x0000000082100000| Untracked 
|  10|0x0000000082200000, 0x0000000082200000, 0x0000000082300000|  0%| F|  |TAMS 0x0000000082200000, 0x0000000082200000| Untracked 
|  11|0x0000000082300000, 0x0000000082300000, 0x0000000082400000|  0%| F|  |TAMS 0x0000000082300000, 0x0000000082300000| Untracked 
|  12|0x0000000082400000, 0x0000000082400000, 0x0000000082500000|  0%| F|  |TAMS 0x0000000082400000, 0x0000000082400000| Untracked 
|  13|0x0000000082500000, 0x0000000082500000, 0x0000000082600000|  0%| F|  |TAMS 0x0000000082500000, 0x0000000082500000| Untracked 
|  14|0x0000000082600000, 0x0000000082600000, 0x0000000082700000|  0%| F|  |TAMS 0x0000000082600000, 0x0000000082600000| Untracked 
|  15|0x0000000082700000, 0x0000000082700000, 0x0000000082800000|  0%| F|  |TAMS 0x0000000082700000, 0x0000000082700000| Untracked 
|  16|0x0000000082800000, 0x0000000082800000, 0x0000000082900000|  0%| F|  |TAMS 0x0000000082800000, 0x0000000082800000| Untracked 
|  17|0x0000000082900000, 0x0000000082900000, 0x0000000082a00000|  0%| F|  |TAMS 0x0000000082900000, 0x0000000082900000| Untracked 
|  18|0x0000000082a00000, 0x0000000082a00000, 0x0000000082b00000|  0%| F|  |TAMS 0x0000000082a00000, 0x0000000082a00000| Untracked 
|  19|0x0000000082b00000, 0x0000000082b00000, 0x0000000082c00000|  0%| F|  |TAMS 0x0000000082b00000, 0x0000000082b00000| Untracked 
|  20|0x0000000082c00000, 0x0000000082c00000, 0x0000000082d00000|  0%| F|  |TAMS 0x0000000082c00000, 0x0000000082c00000| Untracked 
|  21|0x0000000082d00000, 0x0000000082d00000, 0x0000000082e00000|  0%| F|  |TAMS 0x0000000082d00000, 0x0000000082d00000| Untracked 
|  22|0x0000000082e00000, 0x0000000082e00000, 0x0000000082f00000|  0%| F|  |TAMS 0x0000000082e00000, 0x0000000082e00000| Untracked 
|  23|0x0000000082f00000, 0x0000000082f00000, 0x0000000083000000|  0%| F|  |TAMS 0x0000000082f00000, 0x0000000082f00000| Untracked 
|  24|0x0000000083000000, 0x0000000083000000, 0x0000000083100000|  0%| F|  |TAMS 0x0000000083000000, 0x0000000083000000| Untracked 
|  25|0x0000000083100000, 0x0000000083100000, 0x0000000083200000|  0%| F|  |TAMS 0x0000000083100000, 0x0000000083100000| Untracked 
|  26|0x0000000083200000, 0x0000000083200000, 0x0000000083300000|  0%| F|  |TAMS 0x0000000083200000, 0x0000000083200000| Untracked 
|  27|0x0000000083300000, 0x0000000083300000, 0x0000000083400000|  0%| F|  |TAMS 0x0000000083300000, 0x0000000083300000| Untracked 
|  28|0x0000000083400000, 0x0000000083400000, 0x0000000083500000|  0%| F|  |TAMS 0x0000000083400000, 0x0000000083400000| Untracked 
|  29|0x0000000083500000, 0x0000000083500000, 0x0000000083600000|  0%| F|  |TAMS 0x0000000083500000, 0x0000000083500000| Untracked 
|  30|0x0000000083600000, 0x0000000083600000, 0x0000000083700000|  0%| F|  |TAMS 0x0000000083600000, 0x0000000083600000| Untracked 
|  31|0x0000000083700000, 0x0000000083700000, 0x0000000083800000|  0%| F|  |TAMS 0x0000000083700000, 0x0000000083700000| Untracked 
|  32|0x0000000083800000, 0x0000000083800000, 0x0000000083900000|  0%| F|  |TAMS 0x0000000083800000, 0x0000000083800000| Untracked 
|  33|0x0000000083900000, 0x0000000083900000, 0x0000000083a00000|  0%| F|  |TAMS 0x0000000083900000, 0x0000000083900000| Untracked 
|  34|0x0000000083a00000, 0x0000000083a00000, 0x0000000083b00000|  0%| F|  |TAMS 0x0000000083a00000, 0x0000000083a00000| Untracked 
|  35|0x0000000083b00000, 0x0000000083b00000, 0x0000000083c00000|  0%| F|  |TAMS 0x0000000083b00000, 0x0000000083b00000| Untracked 
|  36|0x0000000083c00000, 0x0000000083c00000, 0x0000000083d00000|  0%| F|  |TAMS 0x0000000083c00000, 0x0000000083c00000| Untracked 
|  37|0x0000000083d00000, 0x0000000083d00000, 0x0000000083e00000|  0%| F|  |TAMS 0x0000000083d00000, 0x0000000083d00000| Untracked 
|  38|0x0000000083e00000, 0x0000000083e00000, 0x0000000083f00000|  0%| F|  |TAMS 0x0000000083e00000, 0x0000000083e00000| Untracked 
|  39|0x0000000083f00000, 0x0000000083f00000, 0x0000000084000000|  0%| F|  |TAMS 0x0000000083f00000, 0x0000000083f00000| Untracked 
|  40|0x0000000084000000, 0x0000000084000000, 0x0000000084100000|  0%| F|  |TAMS 0x0000000084000000, 0x0000000084000000| Untracked 
|  41|0x0000000084100000, 0x0000000084100000, 0x0000000084200000|  0%| F|  |TAMS 0x0000000084100000, 0x0000000084100000| Untracked 
|  42|0x0000000084200000, 0x0000000084200000, 0x0000000084300000|  0%| F|  |TAMS 0x0000000084200000, 0x0000000084200000| Untracked 
|  43|0x0000000084300000, 0x0000000084300000, 0x0000000084400000|  0%| F|  |TAMS 0x0000000084300000, 0x0000000084300000| Untracked 
|  44|0x0000000084400000, 0x0000000084400000, 0x0000000084500000|  0%| F|  |TAMS 0x0000000084400000, 0x0000000084400000| Untracked 
|  45|0x0000000084500000, 0x0000000084500000, 0x0000000084600000|  0%| F|  |TAMS 0x0000000084500000, 0x0000000084500000| Untracked 
|  46|0x0000000084600000, 0x0000000084600000, 0x0000000084700000|  0%| F|  |TAMS 0x0000000084600000, 0x0000000084600000| Untracked 
|  47|0x0000000084700000, 0x0000000084700000, 0x0000000084800000|  0%| F|  |TAMS 0x0000000084700000, 0x0000000084700000| Untracked 
|  48|0x0000000084800000, 0x0000000084800000, 0x0000000084900000|  0%| F|  |TAMS 0x0000000084800000, 0x0000000084800000| Untracked 
|  49|0x0000000084900000, 0x0000000084900000, 0x0000000084a00000|  0%| F|  |TAMS 0x0000000084900000, 0x0000000084900000| Untracked 
|  50|0x0000000084a00000, 0x0000000084a00000, 0x0000000084b00000|  0%| F|  |TAMS 0x0000000084a00000, 0x0000000084a00000| Untracked 
|  51|0x0000000084b00000, 0x0000000084b00000, 0x0000000084c00000|  0%| F|  |TAMS 0x0000000084b00000, 0x0000000084b00000| Untracked 
|  52|0x0000000084c00000, 0x0000000084c00000, 0x0000000084d00000|  0%| F|  |TAMS 0x0000000084c00000, 0x0000000084c00000| Untracked 
|  53|0x0000000084d00000, 0x0000000084d00000, 0x0000000084e00000|  0%| F|  |TAMS 0x0000000084d00000, 0x0000000084d00000| Untracked 
|  54|0x0000000084e00000, 0x0000000084e00000, 0x0000000084f00000|  0%| F|  |TAMS 0x0000000084e00000, 0x0000000084e00000| Untracked 
|  55|0x0000000084f00000, 0x0000000084f00000, 0x0000000085000000|  0%| F|  |TAMS 0x0000000084f00000, 0x0000000084f00000| Untracked 
|  56|0x0000000085000000, 0x0000000085000000, 0x0000000085100000|  0%| F|  |TAMS 0x0000000085000000, 0x0000000085000000| Untracked 
|  57|0x0000000085100000, 0x0000000085100000, 0x0000000085200000|  0%| F|  |TAMS 0x0000000085100000, 0x0000000085100000| Untracked 
|  58|0x0000000085200000, 0x0000000085200000, 0x0000000085300000|  0%| F|  |TAMS 0x0000000085200000, 0x0000000085200000| Untracked 
|  59|0x0000000085300000, 0x0000000085300000, 0x0000000085400000|  0%| F|  |TAMS 0x0000000085300000, 0x0000000085300000| Untracked 
|  60|0x0000000085400000, 0x0000000085400000, 0x0000000085500000|  0%| F|  |TAMS 0x0000000085400000, 0x0000000085400000| Untracked 
|  61|0x0000000085500000, 0x0000000085500000, 0x0000000085600000|  0%| F|  |TAMS 0x0000000085500000, 0x0000000085500000| Untracked 
|  62|0x0000000085600000, 0x0000000085600000, 0x0000000085700000|  0%| F|  |TAMS 0x0000000085600000, 0x0000000085600000| Untracked 
|  63|0x0000000085700000, 0x0000000085700000, 0x0000000085800000|  0%| F|  |TAMS 0x0000000085700000, 0x0000000085700000| Untracked 
|  64|0x0000000085800000, 0x0000000085800000, 0x0000000085900000|  0%| F|  |TAMS 0x0000000085800000, 0x0000000085800000| Untracked 
|  65|0x0000000085900000, 0x0000000085900000, 0x0000000085a00000|  0%| F|  |TAMS 0x0000000085900000, 0x0000000085900000| Untracked 
|  66|0x0000000085a00000, 0x0000000085a00000, 0x0000000085b00000|  0%| F|  |TAMS 0x0000000085a00000, 0x0000000085a00000| Untracked 
|  67|0x0000000085b00000, 0x0000000085b00000, 0x0000000085c00000|  0%| F|  |TAMS 0x0000000085b00000, 0x0000000085b00000| Untracked 
|  68|0x0000000085c00000, 0x0000000085c00000, 0x0000000085d00000|  0%| F|  |TAMS 0x0000000085c00000, 0x0000000085c00000| Untracked 
|  69|0x0000000085d00000, 0x0000000085d00000, 0x0000000085e00000|  0%| F|  |TAMS 0x0000000085d00000, 0x0000000085d00000| Untracked 
|  70|0x0000000085e00000, 0x0000000085e00000, 0x0000000085f00000|  0%| F|  |TAMS 0x0000000085e00000, 0x0000000085e00000| Untracked 
|  71|0x0000000085f00000, 0x0000000085f00000, 0x0000000086000000|  0%| F|  |TAMS 0x0000000085f00000, 0x0000000085f00000| Untracked 
|  72|0x0000000086000000, 0x0000000086000000, 0x0000000086100000|  0%| F|  |TAMS 0x0000000086000000, 0x0000000086000000| Untracked 
|  73|0x0000000086100000, 0x0000000086100000, 0x0000000086200000|  0%| F|  |TAMS 0x0000000086100000, 0x0000000086100000| Untracked 
|  74|0x0000000086200000, 0x0000000086200000, 0x0000000086300000|  0%| F|  |TAMS 0x0000000086200000, 0x0000000086200000| Untracked 
|  75|0x0000000086300000, 0x0000000086300000, 0x0000000086400000|  0%| F|  |TAMS 0x0000000086300000, 0x0000000086300000| Untracked 
|  76|0x0000000086400000, 0x0000000086400000, 0x0000000086500000|  0%| F|  |TAMS 0x0000000086400000, 0x0000000086400000| Untracked 
|  77|0x0000000086500000, 0x0000000086500000, 0x0000000086600000|  0%| F|  |TAMS 0x0000000086500000, 0x0000000086500000| Untracked 
|  78|0x0000000086600000, 0x0000000086600000, 0x0000000086700000|  0%| F|  |TAMS 0x0000000086600000, 0x0000000086600000| Untracked 
|  79|0x0000000086700000, 0x0000000086700000, 0x0000000086800000|  0%| F|  |TAMS 0x0000000086700000, 0x0000000086700000| Untracked 
|  80|0x0000000086800000, 0x0000000086800000, 0x0000000086900000|  0%| F|  |TAMS 0x0000000086800000, 0x0000000086800000| Untracked 
|  81|0x0000000086900000, 0x0000000086900000, 0x0000000086a00000|  0%| F|  |TAMS 0x0000000086900000, 0x0000000086900000| Untracked 
|  82|0x0000000086a00000, 0x0000000086a00000, 0x0000000086b00000|  0%| F|  |TAMS 0x0000000086a00000, 0x0000000086a00000| Untracked 
|  83|0x0000000086b00000, 0x0000000086b00000, 0x0000000086c00000|  0%| F|  |TAMS 0x0000000086b00000, 0x0000000086b00000| Untracked 
|  84|0x0000000086c00000, 0x0000000086c00000, 0x0000000086d00000|  0%| F|  |TAMS 0x0000000086c00000, 0x0000000086c00000| Untracked 
|  85|0x0000000086d00000, 0x0000000086d00000, 0x0000000086e00000|  0%| F|  |TAMS 0x0000000086d00000, 0x0000000086d00000| Untracked 
|  86|0x0000000086e00000, 0x0000000086e00000, 0x0000000086f00000|  0%| F|  |TAMS 0x0000000086e00000, 0x0000000086e00000| Untracked 
|  87|0x0000000086f00000, 0x0000000086f00000, 0x0000000087000000|  0%| F|  |TAMS 0x0000000086f00000, 0x0000000086f00000| Untracked 
|  88|0x0000000087000000, 0x0000000087000000, 0x0000000087100000|  0%| F|  |TAMS 0x0000000087000000, 0x0000000087000000| Untracked 
|  89|0x0000000087100000, 0x0000000087100000, 0x0000000087200000|  0%| F|  |TAMS 0x0000000087100000, 0x0000000087100000| Untracked 
|  90|0x0000000087200000, 0x0000000087200000, 0x0000000087300000|  0%| F|  |TAMS 0x0000000087200000, 0x0000000087200000| Untracked 
|  91|0x0000000087300000, 0x0000000087300000, 0x0000000087400000|  0%| F|  |TAMS 0x0000000087300000, 0x0000000087300000| Untracked 
|  92|0x0000000087400000, 0x0000000087400000, 0x0000000087500000|  0%| F|  |TAMS 0x0000000087400000, 0x0000000087400000| Untracked 
|  93|0x0000000087500000, 0x0000000087500000, 0x0000000087600000|  0%| F|  |TAMS 0x0000000087500000, 0x0000000087500000| Untracked 
|  94|0x0000000087600000, 0x0000000087600000, 0x0000000087700000|  0%| F|  |TAMS 0x0000000087600000, 0x0000000087600000| Untracked 
|  95|0x0000000087700000, 0x0000000087700000, 0x0000000087800000|  0%| F|  |TAMS 0x0000000087700000, 0x0000000087700000| Untracked 
|  96|0x0000000087800000, 0x0000000087800000, 0x0000000087900000|  0%| F|  |TAMS 0x0000000087800000, 0x0000000087800000| Untracked 
|  97|0x0000000087900000, 0x0000000087900000, 0x0000000087a00000|  0%| F|  |TAMS 0x0000000087900000, 0x0000000087900000| Untracked 
|  98|0x0000000087a00000, 0x0000000087a00000, 0x0000000087b00000|  0%| F|  |TAMS 0x0000000087a00000, 0x0000000087a00000| Untracked 
|  99|0x0000000087b00000, 0x0000000087b00000, 0x0000000087c00000|  0%| F|  |TAMS 0x0000000087b00000, 0x0000000087b00000| Untracked 
| 100|0x0000000087c00000, 0x0000000087c00000, 0x0000000087d00000|  0%| F|  |TAMS 0x0000000087c00000, 0x0000000087c00000| Untracked 
| 101|0x0000000087d00000, 0x0000000087d00000, 0x0000000087e00000|  0%| F|  |TAMS 0x0000000087d00000, 0x0000000087d00000| Untracked 
| 102|0x0000000087e00000, 0x0000000087e00000, 0x0000000087f00000|  0%| F|  |TAMS 0x0000000087e00000, 0x0000000087e00000| Untracked 
| 103|0x0000000087f00000, 0x0000000087f00000, 0x0000000088000000|  0%| F|  |TAMS 0x0000000087f00000, 0x0000000087f00000| Untracked 
| 104|0x0000000088000000, 0x0000000088000000, 0x0000000088100000|  0%| F|  |TAMS 0x0000000088000000, 0x0000000088000000| Untracked 
| 105|0x0000000088100000, 0x0000000088100000, 0x0000000088200000|  0%| F|  |TAMS 0x0000000088100000, 0x0000000088100000| Untracked 
| 106|0x0000000088200000, 0x0000000088200000, 0x0000000088300000|  0%| F|  |TAMS 0x0000000088200000, 0x0000000088200000| Untracked 
| 107|0x0000000088300000, 0x0000000088300000, 0x0000000088400000|  0%| F|  |TAMS 0x0000000088300000, 0x0000000088300000| Untracked 
| 108|0x0000000088400000, 0x0000000088400000, 0x0000000088500000|  0%| F|  |TAMS 0x0000000088400000, 0x0000000088400000| Untracked 
| 109|0x0000000088500000, 0x0000000088500000, 0x0000000088600000|  0%| F|  |TAMS 0x0000000088500000, 0x0000000088500000| Untracked 
| 110|0x0000000088600000, 0x0000000088600000, 0x0000000088700000|  0%| F|  |TAMS 0x0000000088600000, 0x0000000088600000| Untracked 
| 111|0x0000000088700000, 0x0000000088700000, 0x0000000088800000|  0%| F|  |TAMS 0x0000000088700000, 0x0000000088700000| Untracked 
| 112|0x0000000088800000, 0x0000000088800000, 0x0000000088900000|  0%| F|  |TAMS 0x0000000088800000, 0x0000000088800000| Untracked 
| 113|0x0000000088900000, 0x0000000088900000, 0x0000000088a00000|  0%| F|  |TAMS 0x0000000088900000, 0x0000000088900000| Untracked 
| 114|0x0000000088a00000, 0x0000000088a00000, 0x0000000088b00000|  0%| F|  |TAMS 0x0000000088a00000, 0x0000000088a00000| Untracked 
| 115|0x0000000088b00000, 0x0000000088b00000, 0x0000000088c00000|  0%| F|  |TAMS 0x0000000088b00000, 0x0000000088b00000| Untracked 
| 116|0x0000000088c00000, 0x0000000088c00000, 0x0000000088d00000|  0%| F|  |TAMS 0x0000000088c00000, 0x0000000088c00000| Untracked 
| 117|0x0000000088d00000, 0x0000000088d00000, 0x0000000088e00000|  0%| F|  |TAMS 0x0000000088d00000, 0x0000000088d00000| Untracked 
| 118|0x0000000088e00000, 0x0000000088e00000, 0x0000000088f00000|  0%| F|  |TAMS 0x0000000088e00000, 0x0000000088e00000| Untracked 
| 119|0x0000000088f00000, 0x0000000088f00000, 0x0000000089000000|  0%| F|  |TAMS 0x0000000088f00000, 0x0000000088f00000| Untracked 
| 120|0x0000000089000000, 0x0000000089000000, 0x0000000089100000|  0%| F|  |TAMS 0x0000000089000000, 0x0000000089000000| Untracked 
| 121|0x0000000089100000, 0x0000000089100000, 0x0000000089200000|  0%| F|  |TAMS 0x0000000089100000, 0x0000000089100000| Untracked 
| 122|0x0000000089200000, 0x0000000089200000, 0x0000000089300000|  0%| F|  |TAMS 0x0000000089200000, 0x0000000089200000| Untracked 
| 123|0x0000000089300000, 0x0000000089300000, 0x0000000089400000|  0%| F|  |TAMS 0x0000000089300000, 0x0000000089300000| Untracked 
| 124|0x0000000089400000, 0x0000000089400000, 0x0000000089500000|  0%| F|  |TAMS 0x0000000089400000, 0x0000000089400000| Untracked 
| 125|0x0000000089500000, 0x0000000089500000, 0x0000000089600000|  0%| F|  |TAMS 0x0000000089500000, 0x0000000089500000| Untracked 
| 126|0x0000000089600000, 0x0000000089600000, 0x0000000089700000|  0%| F|  |TAMS 0x0000000089600000, 0x0000000089600000| Untracked 
| 127|0x0000000089700000, 0x000000008978f690, 0x0000000089800000| 56%| E|  |TAMS 0x0000000089700000, 0x0000000089700000| Complete 

Card table byte_map: [0x000001cf4a970000,0x000001cf4ad70000] _byte_map_base: 0x000001cf4a564000

Marking Bits (Prev, Next): (CMBitMap*) 0x000001cf32c3fc98, (CMBitMap*) 0x000001cf32c3fcd0
 Prev Bits: [0x000001cf4b170000, 0x000001cf4d110000)
 Next Bits: [0x000001cf4d110000, 0x000001cf4f0b0000)

Polling page: 0x000001cf31350000

Metaspace:

Usage:
  Non-class:      4.00 MB capacity,     1.34 MB ( 33%) used,     2.66 MB ( 67%) free+waste,    64 bytes ( <1%) overhead. 
      Class:    384.00 KB capacity,   119.30 KB ( 31%) used,   264.63 KB ( 69%) free+waste,    64 bytes ( <1%) overhead. 
       Both:      4.38 MB capacity,     1.45 MB ( 33%) used,     2.92 MB ( 67%) free+waste,   128 bytes ( <1%) overhead. 

Virtual space:
  Non-class space:        8.00 MB reserved,       4.00 MB ( 50%) committed 
      Class space:        1.00 GB reserved,     384.00 KB ( <1%) committed 
             Both:        1.01 GB reserved,       4.38 MB ( <1%) committed 

Chunk freelists:
   Non-Class:  0 bytes
       Class:  0 bytes
        Both:  0 bytes

CodeHeap 'non-profiled nmethods': size=120064Kb used=0Kb max_used=0Kb free=120064Kb
 bounds [0x000001cf42a00000, 0x000001cf42c70000, 0x000001cf49f40000]
CodeHeap 'profiled nmethods': size=120000Kb used=0Kb max_used=0Kb free=120000Kb
 bounds [0x000001cf3b4d0000, 0x000001cf3b740000, 0x000001cf42a00000]
CodeHeap 'non-nmethods': size=5696Kb used=354Kb max_used=354Kb free=5341Kb
 bounds [0x000001cf3af40000, 0x000001cf3b1b0000, 0x000001cf3b4d0000]
 total_blobs=137 nmethods=0 adapters=93
 compilation: enabled
              stopped_count=0, restarted_count=0
 full_count=0

Compilation events (0 events):
No events

GC Heap History (0 events):
No events

Deoptimization events (0 events):
No events

Classes redefined (0 events):
No events

Internal exceptions (0 events):
No events

Events (10 events):
Event: 0.036 loading class jdk/internal/misc/JavaLangRefAccess
Event: 0.036 loading class jdk/internal/misc/JavaLangRefAccess done
Event: 0.036 loading class java/lang/ref/Reference$1 done
Event: 0.036 loading class jdk/internal/misc/SharedSecrets
Event: 0.036 loading class jdk/internal/misc/SharedSecrets done
Event: 0.036 loading class java/lang/ref/Finalizer$FinalizerThread
Event: 0.036 loading class java/lang/ref/Finalizer$FinalizerThread done
Event: 0.036 Thread 0x000001cf516b5800 Thread added: 0x000001cf516b5800
Event: 0.036 loading class jdk/internal/misc/VM
Event: 0.036 loading class jdk/internal/misc/VM done


Dynamic libraries:
0x00007ff74b520000 - 0x00007ff74b567000 	C:\Program Files\Java\jdk-11.0.2\bin\java.exe
0x00007ffcf6bf0000 - 0x00007ffcf6de8000 	C:\Windows\SYSTEM32\ntdll.dll
0x00007ffcf6670000 - 0x00007ffcf672f000 	C:\Windows\System32\KERNEL32.DLL
0x00007ffcf4710000 - 0x00007ffcf49ea000 	C:\Windows\System32\KERNELBASE.dll
0x00007ffcf4eb0000 - 0x00007ffcf4f5e000 	C:\Windows\System32\ADVAPI32.dll
0x00007ffcf6730000 - 0x00007ffcf67ce000 	C:\Windows\System32\msvcrt.dll
0x00007ffcf5c40000 - 0x00007ffcf5cdc000 	C:\Windows\System32\sechost.dll
0x00007ffcf60d0000 - 0x00007ffcf61f6000 	C:\Windows\System32\RPCRT4.dll
0x00007ffcf67d0000 - 0x00007ffcf696d000 	C:\Windows\System32\USER32.dll
0x00007ffcf4410000 - 0x00007ffcf4432000 	C:\Windows\System32\win32u.dll
0x00007ffcf5790000 - 0x00007ffcf57bb000 	C:\Windows\System32\GDI32.dll
0x00007ffcf4300000 - 0x00007ffcf4410000 	C:\Windows\System32\gdi32full.dll
0x00007ffcf44c0000 - 0x00007ffcf455d000 	C:\Windows\System32\msvcp_win.dll
0x00007ffcf4b50000 - 0x00007ffcf4c50000 	C:\Windows\System32\ucrtbase.dll
0x00007ffcf3690000 - 0x00007ffcf392a000 	C:\Windows\WinSxS\amd64_microsoft.windows.common-controls_6595b64144ccf1df_6.0.19041.1110_none_60b5254171f9507e\COMCTL32.dll
0x00007ffce4eb0000 - 0x00007ffce4eba000 	C:\Windows\SYSTEM32\VERSION.dll
0x00007ffcf4cd0000 - 0x00007ffcf4d00000 	C:\Windows\System32\IMM32.DLL
0x00007ffced130000 - 0x00007ffced146000 	C:\Program Files\Java\jdk-11.0.2\bin\vcruntime140.dll
0x00007ffcd2680000 - 0x00007ffcd272a000 	C:\Program Files\Java\jdk-11.0.2\bin\msvcp140.dll
0x00007ffc94d60000 - 0x00007ffc95887000 	C:\Program Files\Java\jdk-11.0.2\bin\server\jvm.dll
0x00007ffcf4c50000 - 0x00007ffcf4c58000 	C:\Windows\System32\PSAPI.DLL
0x00007ffcf1790000 - 0x00007ffcf1799000 	C:\Windows\SYSTEM32\WSOCK32.dll
0x00007ffcdcdc0000 - 0x00007ffcdcde7000 	C:\Windows\SYSTEM32\WINMM.dll
0x00007ffcf4c60000 - 0x00007ffcf4ccb000 	C:\Windows\System32\WS2_32.dll
0x00007ffcf14c0000 - 0x00007ffcf14d2000 	C:\Windows\SYSTEM32\kernel.appcore.dll
0x00007ffcec8d0000 - 0x00007ffcec8e1000 	C:\Program Files\Java\jdk-11.0.2\bin\verify.dll
0x00007ffcf3a80000 - 0x00007ffcf3c64000 	C:\Windows\SYSTEM32\DBGHELP.DLL
0x00007ffcf3a40000 - 0x00007ffcf3a74000 	C:\Windows\SYSTEM32\dbgcore.DLL
0x00007ffcf4610000 - 0x00007ffcf4692000 	C:\Windows\System32\bcryptPrimitives.dll
0x00007ffcdece0000 - 0x00007ffcded09000 	C:\Program Files\Java\jdk-11.0.2\bin\java.dll
0x00007ffcea160000 - 0x00007ffcea176000 	C:\Program Files\Java\jdk-11.0.2\bin\zip.dll
0x00007ffcf1680000 - 0x00007ffcf168a000 	C:\Program Files\Java\jdk-11.0.2\bin\jimage.dll
0x00007ffcf5040000 - 0x00007ffcf5784000 	C:\Windows\System32\SHELL32.dll
0x00007ffcf1d50000 - 0x00007ffcf24e3000 	C:\Windows\SYSTEM32\windows.storage.dll
0x00007ffcf6310000 - 0x00007ffcf6664000 	C:\Windows\System32\combase.dll
0x00007ffcf35f0000 - 0x00007ffcf361e000 	C:\Windows\SYSTEM32\Wldp.dll
0x00007ffcf6200000 - 0x00007ffcf62ad000 	C:\Windows\System32\SHCORE.dll

dbghelp: loaded successfully - version: 4.0.5 - missing functions: none
symbol engine: initialized successfully - sym options: 0x614 - pdb path: .;C:\Program Files\Java\jdk-11.0.2\bin;C:\Windows\SYSTEM32;C:\Windows\WinSxS\amd64_microsoft.windows.common-controls_6595b64144ccf1df_6.0.19041.1110_none_60b5254171f9507e;C:\Program Files\Java\jdk-11.0.2\bin\server

VM Arguments:
jvm_args: -Dfile.encoding=UTF-8 --module-path=C:\Users\User\Documents\NetBeansProjects\CadastroInicial\build\classes 
java_command: cadastroinicial.CadastroInicial
java_class_path (initial): C:\Users\User\Documents\NetBeansProjects\CadastroInicial\build\classes
Launcher Type: SUN_STANDARD

[Global flags]
     intx CICompilerCount                          = 3                                         {product} {ergonomic}
     uint ConcGCThreads                            = 1                                         {product} {ergonomic}
     uint G1ConcRefinementThreads                  = 4                                         {product} {ergonomic}
   size_t G1HeapRegionSize                         = 1048576                                   {product} {ergonomic}
    uintx GCDrainStackTargetSize                   = 64                                        {product} {ergonomic}
   size_t InitialHeapSize                          = 134217728                                 {product} {ergonomic}
   size_t MarkStackSize                            = 4194304                                   {product} {ergonomic}
   size_t MaxHeapSize                              = 2122317824                                {product} {ergonomic}
   size_t MaxNewSize                               = 1272971264                                {product} {ergonomic}
   size_t MinHeapDeltaBytes                        = 1048576                                   {product} {ergonomic}
    uintx NonNMethodCodeHeapSize                   = 5830092                                {pd product} {ergonomic}
    uintx NonProfiledCodeHeapSize                  = 122914074                              {pd product} {ergonomic}
    uintx ProfiledCodeHeapSize                     = 122914074                              {pd product} {ergonomic}
    uintx ReservedCodeCacheSize                    = 251658240                              {pd product} {ergonomic}
     bool SegmentedCodeCache                       = true                                      {product} {ergonomic}
     bool UseCompressedClassPointers               = true                                 {lp64_product} {ergonomic}
     bool UseCompressedOops                        = true                                 {lp64_product} {ergonomic}
     bool UseG1GC                                  = true                                      {product} {ergonomic}
     bool UseLargePagesIndividualAllocation        = false                                  {pd product} {ergonomic}

Logging:
Log output configuration:
 #0: stdout all=warning uptime,level,tags
 #1: stderr all=off uptime,level,tags

Environment Variables:
PATH=C:\Program Files (x86)\Common Files\Oracle\Java\javapath;C:\Program Files (x86)\Intel\iCLS Client\;C:\Program Files\Intel\iCLS Client\;C:\Windows\system32;C:\Windows;C:\Windows\System32\Wbem;C:\Windows\System32\WindowsPowerShell\v1.0\;C:\Windows\System32\OpenSSH\;C:\Program Files\dotnet\;C:\Program Files (x86)\Intel\Intel(R) Management Engine Components\DAL;C:\Program Files\Intel\Intel(R) Management Engine Components\DAL;C:\Program Files (x86)\Intel\Intel(R) Management Engine Components\IPT;C:\Program Files\Intel\Intel(R) Management Engine Components\IPT;C:\Program Files\MySQL\MySQL Shell 8.0\bin\;C:\Users\User\AppData\Local\Microsoft\WindowsApps;
USERNAME=User
OS=Windows_NT
PROCESSOR_IDENTIFIER=Intel64 Family 6 Model 58 Stepping 9, GenuineIntel



---------------  S Y S T E M  ---------------

OS: Windows 10 , 64 bit Build 19041 (10.0.19041.2788)

CPU:total 4 (initial active 4) (2 cores per cpu, 2 threads per core) family 6 model 58 stepping 9, cmov, cx8, fxsr, mmx, sse, sse2, sse3, ssse3, sse4.1, sse4.2, popcnt, avx, aes, clmul, erms, ht, tsc, tscinvbit, tscinv

Memory: 4k page, system-wide physical 8095M (2828M free)
TotalPageFile size 16287M (AvailPageFile size 7995M)
current process WorkingSet (physical memory assigned to process): 22M, peak: 22M
current process commit charge ("private bytes"): 191M, peak: 191M

vm_info: Java HotSpot(TM) 64-Bit Server VM (11.0.2+9-LTS) for windows-amd64 JRE (11.0.2+9-LTS), built on Jan 18 2019 05:24:10 by "mach5one" with MS VC++ 15.5 (VS2017)

END.
